<?xml version="1.0" encoding="UTF-8"?>
<!-- Generated by org.testng.reporters.JUnitXMLReporter -->
<testsuite ignored="0" hostname="IN-BXWVDK3" failures="0" tests="3" name="Surefire test" time="8.16" errors="0" timestamp="2025-04-07T08:51:59 IST">
  <testcase classname="SampleProject.Automation.AppTest" name="Test1" time="1.942"/>
  <testcase classname="SampleProject.Automation.AppTest" name="Test2" time="0.001"/>
  <testcase classname="SampleProject.Automation.AppTest" name="Test3" time="0.0"/>
</testsuite> <!-- Surefire test -->
