<?xml version="1.0" encoding="UTF-8"?>
<testng-results ignored="0" total="3" passed="3" failed="0" skipped="0">
  <reporter-output>
  </reporter-output>
  <suite started-at="2025-04-07T08:51:51 IST" name="Surefire suite" finished-at="2025-04-07T08:51:59 IST" duration-ms="8160">
    <groups>
    </groups>
    <test started-at="2025-04-07T08:51:51 IST" name="Surefire test" finished-at="2025-04-07T08:51:59 IST" duration-ms="8160">
      <class name="SampleProject.Automation.AppTest">
        <test-method is-config="true" signature="beforeMethod()[pri:0, instance:SampleProject.Automation.AppTest@5bfa9431]" started-at="2025-04-07T08:51:51 IST" name="beforeMethod" finished-at="2025-04-07T08:51:53 IST" duration-ms="1909" status="PASS">
          <reporter-output>
          </reporter-output>
        </test-method> <!-- beforeMethod -->
        <test-method signature="Test1()[pri:0, instance:SampleProject.Automation.AppTest@5bfa9431]" started-at="2025-04-07T08:51:53 IST" name="Test1" finished-at="2025-04-07T08:51:55 IST" duration-ms="1942" status="PASS">
          <reporter-output>
          </reporter-output>
        </test-method> <!-- Test1 -->
        <test-method is-config="true" signature="tearDown()[pri:0, instance:SampleProject.Automation.AppTest@5bfa9431]" started-at="2025-04-07T08:51:55 IST" name="tearDown" finished-at="2025-04-07T08:51:55 IST" duration-ms="717" status="PASS">
          <reporter-output>
          </reporter-output>
        </test-method> <!-- tearDown -->
        <test-method is-config="true" signature="beforeMethod()[pri:0, instance:SampleProject.Automation.AppTest@5bfa9431]" started-at="2025-04-07T08:51:55 IST" name="beforeMethod" finished-at="2025-04-07T08:51:57 IST" duration-ms="1213" status="PASS">
          <reporter-output>
          </reporter-output>
        </test-method> <!-- beforeMethod -->
        <test-method signature="Test2()[pri:0, instance:SampleProject.Automation.AppTest@5bfa9431]" started-at="2025-04-07T08:51:57 IST" name="Test2" finished-at="2025-04-07T08:51:57 IST" duration-ms="1" status="PASS">
          <reporter-output>
          </reporter-output>
        </test-method> <!-- Test2 -->
        <test-method is-config="true" signature="tearDown()[pri:0, instance:SampleProject.Automation.AppTest@5bfa9431]" started-at="2025-04-07T08:51:57 IST" name="tearDown" finished-at="2025-04-07T08:51:57 IST" duration-ms="428" status="PASS">
          <reporter-output>
          </reporter-output>
        </test-method> <!-- tearDown -->
        <test-method is-config="true" signature="beforeMethod()[pri:0, instance:SampleProject.Automation.AppTest@5bfa9431]" started-at="2025-04-07T08:51:57 IST" name="beforeMethod" finished-at="2025-04-07T08:51:58 IST" duration-ms="1397" status="PASS">
          <reporter-output>
          </reporter-output>
        </test-method> <!-- beforeMethod -->
        <test-method signature="Test3()[pri:0, instance:SampleProject.Automation.AppTest@5bfa9431]" started-at="2025-04-07T08:51:58 IST" name="Test3" finished-at="2025-04-07T08:51:58 IST" duration-ms="0" status="PASS">
          <reporter-output>
          </reporter-output>
        </test-method> <!-- Test3 -->
        <test-method is-config="true" signature="tearDown()[pri:0, instance:SampleProject.Automation.AppTest@5bfa9431]" started-at="2025-04-07T08:51:58 IST" name="tearDown" finished-at="2025-04-07T08:51:59 IST" duration-ms="513" status="PASS">
          <reporter-output>
          </reporter-output>
        </test-method> <!-- tearDown -->
      </class> <!-- SampleProject.Automation.AppTest -->
    </test> <!-- Surefire test -->
  </suite> <!-- Surefire suite -->
</testng-results>
